

============================== 2022-12-08 11:57:01.387151 | 704fa392-0f01-4c7a-8f29-19f634700d05 ==============================
[0m11:57:01.387151 [info ] [MainThread]: Running with dbt=1.3.1
[0m11:57:01.387151 [debug] [MainThread]: running dbt with arguments {'write_json': True, 'use_colors': True, 'printer_width': 80, 'version_check': True, 'partial_parse': True, 'static_parser': True, 'profiles_dir': 'C:\\Users\\Anthony\\.dbt', 'send_anonymous_usage_stats': True, 'event_buffer_size': 100000, 'quiet': False, 'no_print': False, 'skip_profile_setup': False, 'which': 'init', 'indirect_selection': 'eager'}
[0m11:57:01.388201 [debug] [MainThread]: Tracking: tracking
[0m11:57:01.395150 [debug] [MainThread]: Sending event: {'category': 'dbt', 'action': 'invocation', 'label': 'start', 'context': [<snowplow_tracker.self_describing_json.SelfDescribingJson object at 0x000002609475EE20>, <snowplow_tracker.self_describing_json.SelfDescribingJson object at 0x000002609476D9A0>, <snowplow_tracker.self_describing_json.SelfDescribingJson object at 0x000002609476DE20>]}
[0m11:57:09.341929 [debug] [MainThread]: Starter project path: C:\Users\Anthony\Desktop\Data\GitHub\BetterPurchase\BetterPurchase\venv\lib\site-packages\dbt\include\starter_project
[0m12:00:39.350986 [info ] [MainThread]: Profile dbt_betterPurchase written to C:\Users\Anthony\.dbt\profiles.yml using target's profile_template.yml and your supplied values. Run 'dbt debug' to validate the connection.
[0m12:00:39.351987 [info ] [MainThread]: 
Your new dbt project "dbt_betterPurchase" was created!

For more information on how to configure the profiles.yml file,
please consult the dbt documentation here:

  https://docs.getdbt.com/docs/configure-your-profile

One more thing:

Need help? Don't hesitate to reach out to us via GitHub issues or on Slack:

  https://community.getdbt.com/

Happy modeling!

[0m12:00:39.352986 [debug] [MainThread]: Sending event: {'category': 'dbt', 'action': 'invocation', 'label': 'end', 'context': [<snowplow_tracker.self_describing_json.SelfDescribingJson object at 0x000002609476A5E0>, <snowplow_tracker.self_describing_json.SelfDescribingJson object at 0x000002609476A610>, <snowplow_tracker.self_describing_json.SelfDescribingJson object at 0x000002609476A940>]}
[0m12:00:39.352986 [debug] [MainThread]: Flushing usage events


============================== 2022-12-08 12:01:05.199229 | 6b0a73aa-c08c-41d1-bff2-a1bb1a2e6cc7 ==============================
[0m12:01:05.199229 [info ] [MainThread]: Running with dbt=1.3.1
[0m12:01:05.199229 [debug] [MainThread]: running dbt with arguments {'write_json': True, 'use_colors': True, 'printer_width': 80, 'version_check': True, 'partial_parse': True, 'static_parser': True, 'profiles_dir': 'C:\\Users\\Anthony\\.dbt', 'send_anonymous_usage_stats': True, 'event_buffer_size': 100000, 'quiet': False, 'no_print': False, 'config_dir': False, 'which': 'debug', 'indirect_selection': 'eager'}
[0m12:01:05.200045 [debug] [MainThread]: Tracking: tracking
[0m12:01:05.206228 [debug] [MainThread]: Sending event: {'category': 'dbt', 'action': 'invocation', 'label': 'start', 'context': [<snowplow_tracker.self_describing_json.SelfDescribingJson object at 0x0000021E2C49D3D0>, <snowplow_tracker.self_describing_json.SelfDescribingJson object at 0x0000021E2C49DDC0>, <snowplow_tracker.self_describing_json.SelfDescribingJson object at 0x0000021E2C49D670>]}
[0m12:01:05.449807 [debug] [MainThread]: Executing "git --help"
[0m12:01:05.469807 [debug] [MainThread]: STDOUT: "b"usage: git [-v | --version] [-h | --help] [-C <path>] [-c <name>=<value>]\n           [--exec-path[=<path>]] [--html-path] [--man-path] [--info-path]\n           [-p | --paginate | -P | --no-pager] [--no-replace-objects] [--bare]\n           [--git-dir=<path>] [--work-tree=<path>] [--namespace=<name>]\n           [--super-prefix=<path>] [--config-env=<name>=<envvar>]\n           <command> [<args>]\n\nThese are common Git commands used in various situations:\n\nstart a working area (see also: git help tutorial)\n   clone     Clone a repository into a new directory\n   init      Create an empty Git repository or reinitialize an existing one\n\nwork on the current change (see also: git help everyday)\n   add       Add file contents to the index\n   mv        Move or rename a file, a directory, or a symlink\n   restore   Restore working tree files\n   rm        Remove files from the working tree and from the index\n\nexamine the history and state (see also: git help revisions)\n   bisect    Use binary search to find the commit that introduced a bug\n   diff      Show changes between commits, commit and working tree, etc\n   grep      Print lines matching a pattern\n   log       Show commit logs\n   show      Show various types of objects\n   status    Show the working tree status\n\ngrow, mark and tweak your common history\n   branch    List, create, or delete branches\n   commit    Record changes to the repository\n   merge     Join two or more development histories together\n   rebase    Reapply commits on top of another base tip\n   reset     Reset current HEAD to the specified state\n   switch    Switch branches\n   tag       Create, list, delete or verify a tag object signed with GPG\n\ncollaborate (see also: git help workflows)\n   fetch     Download objects and refs from another repository\n   pull      Fetch from and integrate with another repository or a local branch\n   push      Update remote refs along with associated objects\n\n'git help -a' and 'git help -g' list available subcommands and some\nconcept guides. See 'git help <command>' or 'git help <concept>'\nto read about a specific subcommand or concept.\nSee 'git help git' for an overview of the system.\n""
[0m12:01:05.470807 [debug] [MainThread]: STDERR: "b''"
[0m12:01:05.472808 [debug] [MainThread]: Sending event: {'category': 'dbt', 'action': 'invocation', 'label': 'end', 'context': [<snowplow_tracker.self_describing_json.SelfDescribingJson object at 0x0000021E2D0518B0>, <snowplow_tracker.self_describing_json.SelfDescribingJson object at 0x0000021E2D04FEE0>, <snowplow_tracker.self_describing_json.SelfDescribingJson object at 0x0000021E2D04FDF0>]}
[0m12:01:05.472808 [debug] [MainThread]: Flushing usage events


============================== 2022-12-08 12:02:41.250357 | a5cd45ee-1087-4ec1-8955-6f8dda3bb10b ==============================
[0m12:02:41.250357 [info ] [MainThread]: Running with dbt=1.3.1
[0m12:02:41.251358 [debug] [MainThread]: running dbt with arguments {'write_json': True, 'use_colors': True, 'printer_width': 80, 'version_check': True, 'partial_parse': True, 'static_parser': True, 'profiles_dir': 'C:\\Users\\Anthony\\Desktop\\Data\\GitHub\\BetterPurchase\\BetterPurchase\\DBT', 'send_anonymous_usage_stats': True, 'event_buffer_size': 100000, 'quiet': False, 'no_print': False, 'config_dir': False, 'which': 'debug', 'indirect_selection': 'eager'}
[0m12:02:41.251358 [debug] [MainThread]: Tracking: tracking
[0m12:02:41.257358 [debug] [MainThread]: Sending event: {'category': 'dbt', 'action': 'invocation', 'label': 'start', 'context': [<snowplow_tracker.self_describing_json.SelfDescribingJson object at 0x000001DEC0E49340>, <snowplow_tracker.self_describing_json.SelfDescribingJson object at 0x000001DEC0E49BE0>, <snowplow_tracker.self_describing_json.SelfDescribingJson object at 0x000001DEC0E493A0>]}
[0m12:02:41.500358 [debug] [MainThread]: Executing "git --help"
[0m12:02:41.519358 [debug] [MainThread]: STDOUT: "b"usage: git [-v | --version] [-h | --help] [-C <path>] [-c <name>=<value>]\n           [--exec-path[=<path>]] [--html-path] [--man-path] [--info-path]\n           [-p | --paginate | -P | --no-pager] [--no-replace-objects] [--bare]\n           [--git-dir=<path>] [--work-tree=<path>] [--namespace=<name>]\n           [--super-prefix=<path>] [--config-env=<name>=<envvar>]\n           <command> [<args>]\n\nThese are common Git commands used in various situations:\n\nstart a working area (see also: git help tutorial)\n   clone     Clone a repository into a new directory\n   init      Create an empty Git repository or reinitialize an existing one\n\nwork on the current change (see also: git help everyday)\n   add       Add file contents to the index\n   mv        Move or rename a file, a directory, or a symlink\n   restore   Restore working tree files\n   rm        Remove files from the working tree and from the index\n\nexamine the history and state (see also: git help revisions)\n   bisect    Use binary search to find the commit that introduced a bug\n   diff      Show changes between commits, commit and working tree, etc\n   grep      Print lines matching a pattern\n   log       Show commit logs\n   show      Show various types of objects\n   status    Show the working tree status\n\ngrow, mark and tweak your common history\n   branch    List, create, or delete branches\n   commit    Record changes to the repository\n   merge     Join two or more development histories together\n   rebase    Reapply commits on top of another base tip\n   reset     Reset current HEAD to the specified state\n   switch    Switch branches\n   tag       Create, list, delete or verify a tag object signed with GPG\n\ncollaborate (see also: git help workflows)\n   fetch     Download objects and refs from another repository\n   pull      Fetch from and integrate with another repository or a local branch\n   push      Update remote refs along with associated objects\n\n'git help -a' and 'git help -g' list available subcommands and some\nconcept guides. See 'git help <command>' or 'git help <concept>'\nto read about a specific subcommand or concept.\nSee 'git help git' for an overview of the system.\n""
[0m12:02:41.519358 [debug] [MainThread]: STDERR: "b''"
[0m12:02:41.522359 [debug] [MainThread]: Sending event: {'category': 'dbt', 'action': 'invocation', 'label': 'end', 'context': [<snowplow_tracker.self_describing_json.SelfDescribingJson object at 0x000001DEC1A078E0>, <snowplow_tracker.self_describing_json.SelfDescribingJson object at 0x000001DEC1A05EE0>, <snowplow_tracker.self_describing_json.SelfDescribingJson object at 0x000001DEC1A05DF0>]}
[0m12:02:41.522359 [debug] [MainThread]: Flushing usage events


============================== 2022-12-08 12:04:02.783074 | cd528aef-8f4f-4afa-8698-fa190a83a673 ==============================
[0m12:04:02.783074 [info ] [MainThread]: Running with dbt=1.3.1
[0m12:04:02.783074 [debug] [MainThread]: running dbt with arguments {'write_json': True, 'use_colors': True, 'printer_width': 80, 'version_check': True, 'partial_parse': True, 'static_parser': True, 'profiles_dir': 'C:\\Users\\Anthony\\.dbt', 'send_anonymous_usage_stats': True, 'event_buffer_size': 100000, 'quiet': False, 'no_print': False, 'config_dir': False, 'which': 'debug', 'indirect_selection': 'eager'}
[0m12:04:02.783074 [debug] [MainThread]: Tracking: tracking
[0m12:04:02.790074 [debug] [MainThread]: Sending event: {'category': 'dbt', 'action': 'invocation', 'label': 'start', 'context': [<snowplow_tracker.self_describing_json.SelfDescribingJson object at 0x000001EE8F78D820>, <snowplow_tracker.self_describing_json.SelfDescribingJson object at 0x000001EE8F78DD90>, <snowplow_tracker.self_describing_json.SelfDescribingJson object at 0x000001EE8F78D640>]}
[0m12:04:03.033074 [debug] [MainThread]: Executing "git --help"
[0m12:04:03.052074 [debug] [MainThread]: STDOUT: "b"usage: git [-v | --version] [-h | --help] [-C <path>] [-c <name>=<value>]\n           [--exec-path[=<path>]] [--html-path] [--man-path] [--info-path]\n           [-p | --paginate | -P | --no-pager] [--no-replace-objects] [--bare]\n           [--git-dir=<path>] [--work-tree=<path>] [--namespace=<name>]\n           [--super-prefix=<path>] [--config-env=<name>=<envvar>]\n           <command> [<args>]\n\nThese are common Git commands used in various situations:\n\nstart a working area (see also: git help tutorial)\n   clone     Clone a repository into a new directory\n   init      Create an empty Git repository or reinitialize an existing one\n\nwork on the current change (see also: git help everyday)\n   add       Add file contents to the index\n   mv        Move or rename a file, a directory, or a symlink\n   restore   Restore working tree files\n   rm        Remove files from the working tree and from the index\n\nexamine the history and state (see also: git help revisions)\n   bisect    Use binary search to find the commit that introduced a bug\n   diff      Show changes between commits, commit and working tree, etc\n   grep      Print lines matching a pattern\n   log       Show commit logs\n   show      Show various types of objects\n   status    Show the working tree status\n\ngrow, mark and tweak your common history\n   branch    List, create, or delete branches\n   commit    Record changes to the repository\n   merge     Join two or more development histories together\n   rebase    Reapply commits on top of another base tip\n   reset     Reset current HEAD to the specified state\n   switch    Switch branches\n   tag       Create, list, delete or verify a tag object signed with GPG\n\ncollaborate (see also: git help workflows)\n   fetch     Download objects and refs from another repository\n   pull      Fetch from and integrate with another repository or a local branch\n   push      Update remote refs along with associated objects\n\n'git help -a' and 'git help -g' list available subcommands and some\nconcept guides. See 'git help <command>' or 'git help <concept>'\nto read about a specific subcommand or concept.\nSee 'git help git' for an overview of the system.\n""
[0m12:04:03.052074 [debug] [MainThread]: STDERR: "b''"
[0m12:04:03.054074 [debug] [MainThread]: Sending event: {'category': 'dbt', 'action': 'invocation', 'label': 'end', 'context': [<snowplow_tracker.self_describing_json.SelfDescribingJson object at 0x000001EE90341880>, <snowplow_tracker.self_describing_json.SelfDescribingJson object at 0x000001EE9033FEB0>, <snowplow_tracker.self_describing_json.SelfDescribingJson object at 0x000001EE9033FDC0>]}
[0m12:04:03.055075 [debug] [MainThread]: Flushing usage events
